[INFO  - 2015-04-06T20:34:44.065Z] GhostDriver - Main - running on port 59343
[INFO  - 2015-04-06T20:34:44.308Z] Session [5be969b0-dc9c-11e4-b31f-3bab2bf9478a] - page.settings - {"XSSAuditingEnabled":false,"javascriptCanCloseWindows":true,"javascriptCanOpenWindows":true,"javascriptEnabled":true,"loadImages":true,"localToRemoteUrlAccessEnabled":false,"userAgent":"Mozilla/5.0 (Windows NT 6.1; WOW64) AppleWebKit/538.1 (KHTML, like Gecko) PhantomJS/2.0.0 Safari/538.1","webSecurityEnabled":true}
[INFO  - 2015-04-06T20:34:44.309Z] Session [5be969b0-dc9c-11e4-b31f-3bab2bf9478a] - page.customHeaders:  - {}
[INFO  - 2015-04-06T20:34:44.314Z] Session [5be969b0-dc9c-11e4-b31f-3bab2bf9478a] - Session.negotiatedCapabilities - {"browserName":"phantomjs","version":"2.0.0","driverName":"ghostdriver","driverVersion":"1.2.0","platform":"windows-7-32bit","javascriptEnabled":true,"takesScreenshot":true,"handlesAlerts":false,"databaseEnabled":false,"locationContextEnabled":false,"applicationCacheEnabled":false,"browserConnectionEnabled":false,"cssSelectorsEnabled":true,"webStorageEnabled":false,"rotatable":false,"acceptSslCerts":false,"nativeEvents":true,"proxy":{"proxyType":"direct"}}
[INFO  - 2015-04-06T20:34:44.314Z] SessionManagerReqHand - _postNewSessionCommand - New Session Created: 5be969b0-dc9c-11e4-b31f-3bab2bf9478a
[INFO  - 2015-04-06T20:35:09.609Z] GhostDriver - Main - running on port 63769
[INFO  - 2015-04-06T20:35:09.927Z] Session [6b2e1ab0-dc9c-11e4-8bd2-25d55ec70746] - page.settings - {"XSSAuditingEnabled":false,"javascriptCanCloseWindows":true,"javascriptCanOpenWindows":true,"javascriptEnabled":true,"loadImages":true,"localToRemoteUrlAccessEnabled":false,"userAgent":"Mozilla/5.0 (Windows NT 6.1; WOW64) AppleWebKit/538.1 (KHTML, like Gecko) PhantomJS/2.0.0 Safari/538.1","webSecurityEnabled":true}
[INFO  - 2015-04-06T20:35:09.928Z] Session [6b2e1ab0-dc9c-11e4-8bd2-25d55ec70746] - page.customHeaders:  - {}
[INFO  - 2015-04-06T20:35:09.937Z] Session [6b2e1ab0-dc9c-11e4-8bd2-25d55ec70746] - Session.negotiatedCapabilities - {"browserName":"phantomjs","version":"2.0.0","driverName":"ghostdriver","driverVersion":"1.2.0","platform":"windows-7-32bit","javascriptEnabled":true,"takesScreenshot":true,"handlesAlerts":false,"databaseEnabled":false,"locationContextEnabled":false,"applicationCacheEnabled":false,"browserConnectionEnabled":false,"cssSelectorsEnabled":true,"webStorageEnabled":false,"rotatable":false,"acceptSslCerts":false,"nativeEvents":true,"proxy":{"proxyType":"direct"}}
[INFO  - 2015-04-06T20:35:09.939Z] SessionManagerReqHand - _postNewSessionCommand - New Session Created: 6b2e1ab0-dc9c-11e4-8bd2-25d55ec70746
[INFO  - 2015-04-07T10:38:32.884Z] GhostDriver - Main - running on port 58657
[INFO  - 2015-04-07T10:38:33.138Z] Session [3d0b5460-dd12-11e4-a53a-e9363bfcfc75] - page.settings - {"XSSAuditingEnabled":false,"javascriptCanCloseWindows":true,"javascriptCanOpenWindows":true,"javascriptEnabled":true,"loadImages":true,"localToRemoteUrlAccessEnabled":false,"userAgent":"Mozilla/5.0 (Windows NT 6.1; WOW64) AppleWebKit/538.1 (KHTML, like Gecko) PhantomJS/2.0.0 Safari/538.1","webSecurityEnabled":true}
[INFO  - 2015-04-07T10:38:33.140Z] Session [3d0b5460-dd12-11e4-a53a-e9363bfcfc75] - page.customHeaders:  - {}
[INFO  - 2015-04-07T10:38:33.146Z] Session [3d0b5460-dd12-11e4-a53a-e9363bfcfc75] - Session.negotiatedCapabilities - {"browserName":"phantomjs","version":"2.0.0","driverName":"ghostdriver","driverVersion":"1.2.0","platform":"windows-7-32bit","javascriptEnabled":true,"takesScreenshot":true,"handlesAlerts":false,"databaseEnabled":false,"locationContextEnabled":false,"applicationCacheEnabled":false,"browserConnectionEnabled":false,"cssSelectorsEnabled":true,"webStorageEnabled":false,"rotatable":false,"acceptSslCerts":false,"nativeEvents":true,"proxy":{"proxyType":"direct"}}
[INFO  - 2015-04-07T10:38:33.147Z] SessionManagerReqHand - _postNewSessionCommand - New Session Created: 3d0b5460-dd12-11e4-a53a-e9363bfcfc75
[INFO  - 2015-04-07T19:17:31.658Z] GhostDriver - Main - running on port 52315
[INFO  - 2015-04-07T19:17:31.860Z] Session [bd2b3c80-dd5a-11e4-8221-eda4dcd869c7] - page.settings - {"XSSAuditingEnabled":false,"javascriptCanCloseWindows":true,"javascriptCanOpenWindows":true,"javascriptEnabled":true,"loadImages":true,"localToRemoteUrlAccessEnabled":false,"userAgent":"Mozilla/5.0 (Windows NT 6.1; WOW64) AppleWebKit/538.1 (KHTML, like Gecko) PhantomJS/2.0.0 Safari/538.1","webSecurityEnabled":true}
[INFO  - 2015-04-07T19:17:31.861Z] Session [bd2b3c80-dd5a-11e4-8221-eda4dcd869c7] - page.customHeaders:  - {}
[INFO  - 2015-04-07T19:17:31.863Z] Session [bd2b3c80-dd5a-11e4-8221-eda4dcd869c7] - Session.negotiatedCapabilities - {"browserName":"phantomjs","version":"2.0.0","driverName":"ghostdriver","driverVersion":"1.2.0","platform":"windows-7-32bit","javascriptEnabled":true,"takesScreenshot":true,"handlesAlerts":false,"databaseEnabled":false,"locationContextEnabled":false,"applicationCacheEnabled":false,"browserConnectionEnabled":false,"cssSelectorsEnabled":true,"webStorageEnabled":false,"rotatable":false,"acceptSslCerts":false,"nativeEvents":true,"proxy":{"proxyType":"direct"}}
[INFO  - 2015-04-07T19:17:31.863Z] SessionManagerReqHand - _postNewSessionCommand - New Session Created: bd2b3c80-dd5a-11e4-8221-eda4dcd869c7
[INFO  - 2015-04-07T19:21:33.811Z] GhostDriver - Main - running on port 53294
[INFO  - 2015-04-07T19:21:34.124Z] Session [4d91ca00-dd5b-11e4-b6dc-ddc42c36f7bb] - page.settings - {"XSSAuditingEnabled":false,"javascriptCanCloseWindows":true,"javascriptCanOpenWindows":true,"javascriptEnabled":true,"loadImages":true,"localToRemoteUrlAccessEnabled":false,"userAgent":"Mozilla/5.0 (Windows NT 6.1; WOW64) AppleWebKit/538.1 (KHTML, like Gecko) PhantomJS/2.0.0 Safari/538.1","webSecurityEnabled":true}
[INFO  - 2015-04-07T19:21:34.125Z] Session [4d91ca00-dd5b-11e4-b6dc-ddc42c36f7bb] - page.customHeaders:  - {}
[INFO  - 2015-04-07T19:21:34.128Z] Session [4d91ca00-dd5b-11e4-b6dc-ddc42c36f7bb] - Session.negotiatedCapabilities - {"browserName":"phantomjs","version":"2.0.0","driverName":"ghostdriver","driverVersion":"1.2.0","platform":"windows-7-32bit","javascriptEnabled":true,"takesScreenshot":true,"handlesAlerts":false,"databaseEnabled":false,"locationContextEnabled":false,"applicationCacheEnabled":false,"browserConnectionEnabled":false,"cssSelectorsEnabled":true,"webStorageEnabled":false,"rotatable":false,"acceptSslCerts":false,"nativeEvents":true,"proxy":{"proxyType":"direct"}}
[INFO  - 2015-04-07T19:21:34.129Z] SessionManagerReqHand - _postNewSessionCommand - New Session Created: 4d91ca00-dd5b-11e4-b6dc-ddc42c36f7bb
[INFO  - 2015-04-07T19:25:18.899Z] GhostDriver - Main - running on port 63419
[INFO  - 2015-04-07T19:25:19.254Z] Session [d3c282e0-dd5b-11e4-884d-e9d5ef65bc64] - page.settings - {"XSSAuditingEnabled":false,"javascriptCanCloseWindows":true,"javascriptCanOpenWindows":true,"javascriptEnabled":true,"loadImages":true,"localToRemoteUrlAccessEnabled":false,"userAgent":"Mozilla/5.0 (Windows NT 6.1; WOW64) AppleWebKit/538.1 (KHTML, like Gecko) PhantomJS/2.0.0 Safari/538.1","webSecurityEnabled":true}
[INFO  - 2015-04-07T19:25:19.255Z] Session [d3c282e0-dd5b-11e4-884d-e9d5ef65bc64] - page.customHeaders:  - {}
[INFO  - 2015-04-07T19:25:19.258Z] Session [d3c282e0-dd5b-11e4-884d-e9d5ef65bc64] - Session.negotiatedCapabilities - {"browserName":"phantomjs","version":"2.0.0","driverName":"ghostdriver","driverVersion":"1.2.0","platform":"windows-7-32bit","javascriptEnabled":true,"takesScreenshot":true,"handlesAlerts":false,"databaseEnabled":false,"locationContextEnabled":false,"applicationCacheEnabled":false,"browserConnectionEnabled":false,"cssSelectorsEnabled":true,"webStorageEnabled":false,"rotatable":false,"acceptSslCerts":false,"nativeEvents":true,"proxy":{"proxyType":"direct"}}
[INFO  - 2015-04-07T19:25:19.259Z] SessionManagerReqHand - _postNewSessionCommand - New Session Created: d3c282e0-dd5b-11e4-884d-e9d5ef65bc64
[INFO  - 2015-04-07T19:29:33.011Z] GhostDriver - Main - running on port 58375
[INFO  - 2015-04-07T19:29:33.373Z] Session [6b396210-dd5c-11e4-86e4-d171c2dc8491] - page.settings - {"XSSAuditingEnabled":false,"javascriptCanCloseWindows":true,"javascriptCanOpenWindows":true,"javascriptEnabled":true,"loadImages":true,"localToRemoteUrlAccessEnabled":false,"userAgent":"Mozilla/5.0 (Windows NT 6.1; WOW64) AppleWebKit/538.1 (KHTML, like Gecko) PhantomJS/2.0.0 Safari/538.1","webSecurityEnabled":true}
[INFO  - 2015-04-07T19:29:33.374Z] Session [6b396210-dd5c-11e4-86e4-d171c2dc8491] - page.customHeaders:  - {}
[INFO  - 2015-04-07T19:29:33.382Z] Session [6b396210-dd5c-11e4-86e4-d171c2dc8491] - Session.negotiatedCapabilities - {"browserName":"phantomjs","version":"2.0.0","driverName":"ghostdriver","driverVersion":"1.2.0","platform":"windows-7-32bit","javascriptEnabled":true,"takesScreenshot":true,"handlesAlerts":false,"databaseEnabled":false,"locationContextEnabled":false,"applicationCacheEnabled":false,"browserConnectionEnabled":false,"cssSelectorsEnabled":true,"webStorageEnabled":false,"rotatable":false,"acceptSslCerts":false,"nativeEvents":true,"proxy":{"proxyType":"direct"}}
[INFO  - 2015-04-07T19:29:33.384Z] SessionManagerReqHand - _postNewSessionCommand - New Session Created: 6b396210-dd5c-11e4-86e4-d171c2dc8491
[INFO  - 2015-04-07T20:00:43.949Z] GhostDriver - Main - running on port 51130
[INFO  - 2015-04-07T20:00:44.279Z] Session [c65ed4a0-dd60-11e4-b85c-cbb548a2fdbc] - page.settings - {"XSSAuditingEnabled":false,"javascriptCanCloseWindows":true,"javascriptCanOpenWindows":true,"javascriptEnabled":true,"loadImages":true,"localToRemoteUrlAccessEnabled":false,"userAgent":"Mozilla/5.0 (Windows NT 6.1; WOW64) AppleWebKit/538.1 (KHTML, like Gecko) PhantomJS/2.0.0 Safari/538.1","webSecurityEnabled":true}
[INFO  - 2015-04-07T20:00:44.280Z] Session [c65ed4a0-dd60-11e4-b85c-cbb548a2fdbc] - page.customHeaders:  - {}
[INFO  - 2015-04-07T20:00:44.288Z] Session [c65ed4a0-dd60-11e4-b85c-cbb548a2fdbc] - Session.negotiatedCapabilities - {"browserName":"phantomjs","version":"2.0.0","driverName":"ghostdriver","driverVersion":"1.2.0","platform":"windows-7-32bit","javascriptEnabled":true,"takesScreenshot":true,"handlesAlerts":false,"databaseEnabled":false,"locationContextEnabled":false,"applicationCacheEnabled":false,"browserConnectionEnabled":false,"cssSelectorsEnabled":true,"webStorageEnabled":false,"rotatable":false,"acceptSslCerts":false,"nativeEvents":true,"proxy":{"proxyType":"direct"}}
[INFO  - 2015-04-07T20:00:44.290Z] SessionManagerReqHand - _postNewSessionCommand - New Session Created: c65ed4a0-dd60-11e4-b85c-cbb548a2fdbc
[INFO  - 2015-04-07T20:03:38.667Z] GhostDriver - Main - running on port 65374
[INFO  - 2015-04-07T20:03:39.028Z] Session [2e882cc0-dd61-11e4-a1f3-c791e1e8c27a] - page.settings - {"XSSAuditingEnabled":false,"javascriptCanCloseWindows":true,"javascriptCanOpenWindows":true,"javascriptEnabled":true,"loadImages":true,"localToRemoteUrlAccessEnabled":false,"userAgent":"Mozilla/5.0 (Windows NT 6.1; WOW64) AppleWebKit/538.1 (KHTML, like Gecko) PhantomJS/2.0.0 Safari/538.1","webSecurityEnabled":true}
[INFO  - 2015-04-07T20:03:39.029Z] Session [2e882cc0-dd61-11e4-a1f3-c791e1e8c27a] - page.customHeaders:  - {}
[INFO  - 2015-04-07T20:03:39.032Z] Session [2e882cc0-dd61-11e4-a1f3-c791e1e8c27a] - Session.negotiatedCapabilities - {"browserName":"phantomjs","version":"2.0.0","driverName":"ghostdriver","driverVersion":"1.2.0","platform":"windows-7-32bit","javascriptEnabled":true,"takesScreenshot":true,"handlesAlerts":false,"databaseEnabled":false,"locationContextEnabled":false,"applicationCacheEnabled":false,"browserConnectionEnabled":false,"cssSelectorsEnabled":true,"webStorageEnabled":false,"rotatable":false,"acceptSslCerts":false,"nativeEvents":true,"proxy":{"proxyType":"direct"}}
[INFO  - 2015-04-07T20:03:39.033Z] SessionManagerReqHand - _postNewSessionCommand - New Session Created: 2e882cc0-dd61-11e4-a1f3-c791e1e8c27a
[INFO  - 2015-04-07T20:06:56.960Z] GhostDriver - Main - running on port 51843
[INFO  - 2015-04-07T20:06:57.291Z] Session [a4b4b530-dd61-11e4-9d03-2f05841cf921] - page.settings - {"XSSAuditingEnabled":false,"javascriptCanCloseWindows":true,"javascriptCanOpenWindows":true,"javascriptEnabled":true,"loadImages":true,"localToRemoteUrlAccessEnabled":false,"userAgent":"Mozilla/5.0 (Windows NT 6.1; WOW64) AppleWebKit/538.1 (KHTML, like Gecko) PhantomJS/2.0.0 Safari/538.1","webSecurityEnabled":true}
[INFO  - 2015-04-07T20:06:57.292Z] Session [a4b4b530-dd61-11e4-9d03-2f05841cf921] - page.customHeaders:  - {}
[INFO  - 2015-04-07T20:06:57.295Z] Session [a4b4b530-dd61-11e4-9d03-2f05841cf921] - Session.negotiatedCapabilities - {"browserName":"phantomjs","version":"2.0.0","driverName":"ghostdriver","driverVersion":"1.2.0","platform":"windows-7-32bit","javascriptEnabled":true,"takesScreenshot":true,"handlesAlerts":false,"databaseEnabled":false,"locationContextEnabled":false,"applicationCacheEnabled":false,"browserConnectionEnabled":false,"cssSelectorsEnabled":true,"webStorageEnabled":false,"rotatable":false,"acceptSslCerts":false,"nativeEvents":true,"proxy":{"proxyType":"direct"}}
[INFO  - 2015-04-07T20:06:57.295Z] SessionManagerReqHand - _postNewSessionCommand - New Session Created: a4b4b530-dd61-11e4-9d03-2f05841cf921
[INFO  - 2015-04-07T20:08:19.830Z] GhostDriver - Main - running on port 56946
[INFO  - 2015-04-07T20:08:20.172Z] Session [d61b5840-dd61-11e4-9cff-e339352d8be6] - page.settings - {"XSSAuditingEnabled":false,"javascriptCanCloseWindows":true,"javascriptCanOpenWindows":true,"javascriptEnabled":true,"loadImages":true,"localToRemoteUrlAccessEnabled":false,"userAgent":"Mozilla/5.0 (Windows NT 6.1; WOW64) AppleWebKit/538.1 (KHTML, like Gecko) PhantomJS/2.0.0 Safari/538.1","webSecurityEnabled":true}
[INFO  - 2015-04-07T20:08:20.173Z] Session [d61b5840-dd61-11e4-9cff-e339352d8be6] - page.customHeaders:  - {}
[INFO  - 2015-04-07T20:08:20.176Z] Session [d61b5840-dd61-11e4-9cff-e339352d8be6] - Session.negotiatedCapabilities - {"browserName":"phantomjs","version":"2.0.0","driverName":"ghostdriver","driverVersion":"1.2.0","platform":"windows-7-32bit","javascriptEnabled":true,"takesScreenshot":true,"handlesAlerts":false,"databaseEnabled":false,"locationContextEnabled":false,"applicationCacheEnabled":false,"browserConnectionEnabled":false,"cssSelectorsEnabled":true,"webStorageEnabled":false,"rotatable":false,"acceptSslCerts":false,"nativeEvents":true,"proxy":{"proxyType":"direct"}}
[INFO  - 2015-04-07T20:08:20.177Z] SessionManagerReqHand - _postNewSessionCommand - New Session Created: d61b5840-dd61-11e4-9cff-e339352d8be6
[INFO  - 2015-04-07T20:12:29.337Z] GhostDriver - Main - running on port 56577
[INFO  - 2015-04-07T20:12:29.692Z] Session [6ad51340-dd62-11e4-898c-8f9590227225] - page.settings - {"XSSAuditingEnabled":false,"javascriptCanCloseWindows":true,"javascriptCanOpenWindows":true,"javascriptEnabled":true,"loadImages":true,"localToRemoteUrlAccessEnabled":false,"userAgent":"Mozilla/5.0 (Windows NT 6.1; WOW64) AppleWebKit/538.1 (KHTML, like Gecko) PhantomJS/2.0.0 Safari/538.1","webSecurityEnabled":true}
[INFO  - 2015-04-07T20:12:29.693Z] Session [6ad51340-dd62-11e4-898c-8f9590227225] - page.customHeaders:  - {}
[INFO  - 2015-04-07T20:12:29.696Z] Session [6ad51340-dd62-11e4-898c-8f9590227225] - Session.negotiatedCapabilities - {"browserName":"phantomjs","version":"2.0.0","driverName":"ghostdriver","driverVersion":"1.2.0","platform":"windows-7-32bit","javascriptEnabled":true,"takesScreenshot":true,"handlesAlerts":false,"databaseEnabled":false,"locationContextEnabled":false,"applicationCacheEnabled":false,"browserConnectionEnabled":false,"cssSelectorsEnabled":true,"webStorageEnabled":false,"rotatable":false,"acceptSslCerts":false,"nativeEvents":true,"proxy":{"proxyType":"direct"}}
[INFO  - 2015-04-07T20:12:29.697Z] SessionManagerReqHand - _postNewSessionCommand - New Session Created: 6ad51340-dd62-11e4-898c-8f9590227225
[INFO  - 2015-04-07T20:13:12.205Z] GhostDriver - Main - running on port 59433
[INFO  - 2015-04-07T20:13:12.554Z] Session [8460fe00-dd62-11e4-9137-cb637464af19] - page.settings - {"XSSAuditingEnabled":false,"javascriptCanCloseWindows":true,"javascriptCanOpenWindows":true,"javascriptEnabled":true,"loadImages":true,"localToRemoteUrlAccessEnabled":false,"userAgent":"Mozilla/5.0 (Windows NT 6.1; WOW64) AppleWebKit/538.1 (KHTML, like Gecko) PhantomJS/2.0.0 Safari/538.1","webSecurityEnabled":true}
[INFO  - 2015-04-07T20:13:12.555Z] Session [8460fe00-dd62-11e4-9137-cb637464af19] - page.customHeaders:  - {}
[INFO  - 2015-04-07T20:13:12.559Z] Session [8460fe00-dd62-11e4-9137-cb637464af19] - Session.negotiatedCapabilities - {"browserName":"phantomjs","version":"2.0.0","driverName":"ghostdriver","driverVersion":"1.2.0","platform":"windows-7-32bit","javascriptEnabled":true,"takesScreenshot":true,"handlesAlerts":false,"databaseEnabled":false,"locationContextEnabled":false,"applicationCacheEnabled":false,"browserConnectionEnabled":false,"cssSelectorsEnabled":true,"webStorageEnabled":false,"rotatable":false,"acceptSslCerts":false,"nativeEvents":true,"proxy":{"proxyType":"direct"}}
[INFO  - 2015-04-07T20:13:12.560Z] SessionManagerReqHand - _postNewSessionCommand - New Session Created: 8460fe00-dd62-11e4-9137-cb637464af19
[INFO  - 2015-04-07T20:14:43.031Z] GhostDriver - Main - running on port 61066
[INFO  - 2015-04-07T20:14:43.367Z] Session [ba826a00-dd62-11e4-8b24-97c25d58e209] - page.settings - {"XSSAuditingEnabled":false,"javascriptCanCloseWindows":true,"javascriptCanOpenWindows":true,"javascriptEnabled":true,"loadImages":true,"localToRemoteUrlAccessEnabled":false,"userAgent":"Mozilla/5.0 (Windows NT 6.1; WOW64) AppleWebKit/538.1 (KHTML, like Gecko) PhantomJS/2.0.0 Safari/538.1","webSecurityEnabled":true}
[INFO  - 2015-04-07T20:14:43.367Z] Session [ba826a00-dd62-11e4-8b24-97c25d58e209] - page.customHeaders:  - {}
[INFO  - 2015-04-07T20:14:43.369Z] Session [ba826a00-dd62-11e4-8b24-97c25d58e209] - Session.negotiatedCapabilities - {"browserName":"phantomjs","version":"2.0.0","driverName":"ghostdriver","driverVersion":"1.2.0","platform":"windows-7-32bit","javascriptEnabled":true,"takesScreenshot":true,"handlesAlerts":false,"databaseEnabled":false,"locationContextEnabled":false,"applicationCacheEnabled":false,"browserConnectionEnabled":false,"cssSelectorsEnabled":true,"webStorageEnabled":false,"rotatable":false,"acceptSslCerts":false,"nativeEvents":true,"proxy":{"proxyType":"direct"}}
[INFO  - 2015-04-07T20:14:43.370Z] SessionManagerReqHand - _postNewSessionCommand - New Session Created: ba826a00-dd62-11e4-8b24-97c25d58e209
[INFO  - 2015-04-07T20:16:20.688Z] GhostDriver - Main - running on port 64369
[INFO  - 2015-04-07T20:16:21.033Z] Session [f4b8e910-dd62-11e4-8c3b-ff9f8c76dcdb] - page.settings - {"XSSAuditingEnabled":false,"javascriptCanCloseWindows":true,"javascriptCanOpenWindows":true,"javascriptEnabled":true,"loadImages":true,"localToRemoteUrlAccessEnabled":false,"userAgent":"Mozilla/5.0 (Windows NT 6.1; WOW64) AppleWebKit/538.1 (KHTML, like Gecko) PhantomJS/2.0.0 Safari/538.1","webSecurityEnabled":true}
[INFO  - 2015-04-07T20:16:21.034Z] Session [f4b8e910-dd62-11e4-8c3b-ff9f8c76dcdb] - page.customHeaders:  - {}
[INFO  - 2015-04-07T20:16:21.037Z] Session [f4b8e910-dd62-11e4-8c3b-ff9f8c76dcdb] - Session.negotiatedCapabilities - {"browserName":"phantomjs","version":"2.0.0","driverName":"ghostdriver","driverVersion":"1.2.0","platform":"windows-7-32bit","javascriptEnabled":true,"takesScreenshot":true,"handlesAlerts":false,"databaseEnabled":false,"locationContextEnabled":false,"applicationCacheEnabled":false,"browserConnectionEnabled":false,"cssSelectorsEnabled":true,"webStorageEnabled":false,"rotatable":false,"acceptSslCerts":false,"nativeEvents":true,"proxy":{"proxyType":"direct"}}
[INFO  - 2015-04-07T20:16:21.038Z] SessionManagerReqHand - _postNewSessionCommand - New Session Created: f4b8e910-dd62-11e4-8c3b-ff9f8c76dcdb
[INFO  - 2015-04-07T20:16:45.335Z] GhostDriver - Main - running on port 61418
[INFO  - 2015-04-07T20:16:45.681Z] Session [03692240-dd63-11e4-8d06-c53edb8ca1b4] - page.settings - {"XSSAuditingEnabled":false,"javascriptCanCloseWindows":true,"javascriptCanOpenWindows":true,"javascriptEnabled":true,"loadImages":true,"localToRemoteUrlAccessEnabled":false,"userAgent":"Mozilla/5.0 (Windows NT 6.1; WOW64) AppleWebKit/538.1 (KHTML, like Gecko) PhantomJS/2.0.0 Safari/538.1","webSecurityEnabled":true}
[INFO  - 2015-04-07T20:16:45.683Z] Session [03692240-dd63-11e4-8d06-c53edb8ca1b4] - page.customHeaders:  - {}
[INFO  - 2015-04-07T20:16:45.688Z] Session [03692240-dd63-11e4-8d06-c53edb8ca1b4] - Session.negotiatedCapabilities - {"browserName":"phantomjs","version":"2.0.0","driverName":"ghostdriver","driverVersion":"1.2.0","platform":"windows-7-32bit","javascriptEnabled":true,"takesScreenshot":true,"handlesAlerts":false,"databaseEnabled":false,"locationContextEnabled":false,"applicationCacheEnabled":false,"browserConnectionEnabled":false,"cssSelectorsEnabled":true,"webStorageEnabled":false,"rotatable":false,"acceptSslCerts":false,"nativeEvents":true,"proxy":{"proxyType":"direct"}}
[INFO  - 2015-04-07T20:16:45.690Z] SessionManagerReqHand - _postNewSessionCommand - New Session Created: 03692240-dd63-11e4-8d06-c53edb8ca1b4
[INFO  - 2015-04-07T20:17:06.373Z] GhostDriver - Main - running on port 65371
[INFO  - 2015-04-07T20:17:06.722Z] Session [0ff47fa0-dd63-11e4-9eb2-e98dfa656f12] - page.settings - {"XSSAuditingEnabled":false,"javascriptCanCloseWindows":true,"javascriptCanOpenWindows":true,"javascriptEnabled":true,"loadImages":true,"localToRemoteUrlAccessEnabled":false,"userAgent":"Mozilla/5.0 (Windows NT 6.1; WOW64) AppleWebKit/538.1 (KHTML, like Gecko) PhantomJS/2.0.0 Safari/538.1","webSecurityEnabled":true}
[INFO  - 2015-04-07T20:17:06.723Z] Session [0ff47fa0-dd63-11e4-9eb2-e98dfa656f12] - page.customHeaders:  - {}
[INFO  - 2015-04-07T20:17:06.726Z] Session [0ff47fa0-dd63-11e4-9eb2-e98dfa656f12] - Session.negotiatedCapabilities - {"browserName":"phantomjs","version":"2.0.0","driverName":"ghostdriver","driverVersion":"1.2.0","platform":"windows-7-32bit","javascriptEnabled":true,"takesScreenshot":true,"handlesAlerts":false,"databaseEnabled":false,"locationContextEnabled":false,"applicationCacheEnabled":false,"browserConnectionEnabled":false,"cssSelectorsEnabled":true,"webStorageEnabled":false,"rotatable":false,"acceptSslCerts":false,"nativeEvents":true,"proxy":{"proxyType":"direct"}}
[INFO  - 2015-04-07T20:17:06.727Z] SessionManagerReqHand - _postNewSessionCommand - New Session Created: 0ff47fa0-dd63-11e4-9eb2-e98dfa656f12
[INFO  - 2015-04-07T20:17:24.797Z] GhostDriver - Main - running on port 54025
[INFO  - 2015-04-07T20:17:25.135Z] Session [1aedf260-dd63-11e4-8acb-553dfa20c323] - page.settings - {"XSSAuditingEnabled":false,"javascriptCanCloseWindows":true,"javascriptCanOpenWindows":true,"javascriptEnabled":true,"loadImages":true,"localToRemoteUrlAccessEnabled":false,"userAgent":"Mozilla/5.0 (Windows NT 6.1; WOW64) AppleWebKit/538.1 (KHTML, like Gecko) PhantomJS/2.0.0 Safari/538.1","webSecurityEnabled":true}
[INFO  - 2015-04-07T20:17:25.135Z] Session [1aedf260-dd63-11e4-8acb-553dfa20c323] - page.customHeaders:  - {}
[INFO  - 2015-04-07T20:17:25.139Z] Session [1aedf260-dd63-11e4-8acb-553dfa20c323] - Session.negotiatedCapabilities - {"browserName":"phantomjs","version":"2.0.0","driverName":"ghostdriver","driverVersion":"1.2.0","platform":"windows-7-32bit","javascriptEnabled":true,"takesScreenshot":true,"handlesAlerts":false,"databaseEnabled":false,"locationContextEnabled":false,"applicationCacheEnabled":false,"browserConnectionEnabled":false,"cssSelectorsEnabled":true,"webStorageEnabled":false,"rotatable":false,"acceptSslCerts":false,"nativeEvents":true,"proxy":{"proxyType":"direct"}}
[INFO  - 2015-04-07T20:17:25.139Z] SessionManagerReqHand - _postNewSessionCommand - New Session Created: 1aedf260-dd63-11e4-8acb-553dfa20c323
[INFO  - 2015-04-07T20:17:55.516Z] GhostDriver - Main - running on port 50696
[INFO  - 2015-04-07T20:17:55.860Z] Session [2d3e5cc0-dd63-11e4-b478-d56cfc33809a] - page.settings - {"XSSAuditingEnabled":false,"javascriptCanCloseWindows":true,"javascriptCanOpenWindows":true,"javascriptEnabled":true,"loadImages":true,"localToRemoteUrlAccessEnabled":false,"userAgent":"Mozilla/5.0 (Windows NT 6.1; WOW64) AppleWebKit/538.1 (KHTML, like Gecko) PhantomJS/2.0.0 Safari/538.1","webSecurityEnabled":true}
[INFO  - 2015-04-07T20:17:55.860Z] Session [2d3e5cc0-dd63-11e4-b478-d56cfc33809a] - page.customHeaders:  - {}
[INFO  - 2015-04-07T20:17:55.864Z] Session [2d3e5cc0-dd63-11e4-b478-d56cfc33809a] - Session.negotiatedCapabilities - {"browserName":"phantomjs","version":"2.0.0","driverName":"ghostdriver","driverVersion":"1.2.0","platform":"windows-7-32bit","javascriptEnabled":true,"takesScreenshot":true,"handlesAlerts":false,"databaseEnabled":false,"locationContextEnabled":false,"applicationCacheEnabled":false,"browserConnectionEnabled":false,"cssSelectorsEnabled":true,"webStorageEnabled":false,"rotatable":false,"acceptSslCerts":false,"nativeEvents":true,"proxy":{"proxyType":"direct"}}
[INFO  - 2015-04-07T20:17:55.865Z] SessionManagerReqHand - _postNewSessionCommand - New Session Created: 2d3e5cc0-dd63-11e4-b478-d56cfc33809a
[INFO  - 2015-04-07T20:20:35.355Z] GhostDriver - Main - running on port 60745
[INFO  - 2015-04-07T20:20:35.697Z] Session [8c836680-dd63-11e4-b69e-472211aa7c25] - page.settings - {"XSSAuditingEnabled":false,"javascriptCanCloseWindows":true,"javascriptCanOpenWindows":true,"javascriptEnabled":true,"loadImages":true,"localToRemoteUrlAccessEnabled":false,"userAgent":"Mozilla/5.0 (Windows NT 6.1; WOW64) AppleWebKit/538.1 (KHTML, like Gecko) PhantomJS/2.0.0 Safari/538.1","webSecurityEnabled":true}
[INFO  - 2015-04-07T20:20:35.697Z] Session [8c836680-dd63-11e4-b69e-472211aa7c25] - page.customHeaders:  - {}
[INFO  - 2015-04-07T20:20:35.701Z] Session [8c836680-dd63-11e4-b69e-472211aa7c25] - Session.negotiatedCapabilities - {"browserName":"phantomjs","version":"2.0.0","driverName":"ghostdriver","driverVersion":"1.2.0","platform":"windows-7-32bit","javascriptEnabled":true,"takesScreenshot":true,"handlesAlerts":false,"databaseEnabled":false,"locationContextEnabled":false,"applicationCacheEnabled":false,"browserConnectionEnabled":false,"cssSelectorsEnabled":true,"webStorageEnabled":false,"rotatable":false,"acceptSslCerts":false,"nativeEvents":true,"proxy":{"proxyType":"direct"}}
[INFO  - 2015-04-07T20:20:35.702Z] SessionManagerReqHand - _postNewSessionCommand - New Session Created: 8c836680-dd63-11e4-b69e-472211aa7c25
[INFO  - 2015-04-07T20:21:19.894Z] GhostDriver - Main - running on port 50216
[INFO  - 2015-04-07T20:21:20.256Z] Session [a7121b40-dd63-11e4-9a37-b531eb551793] - page.settings - {"XSSAuditingEnabled":false,"javascriptCanCloseWindows":true,"javascriptCanOpenWindows":true,"javascriptEnabled":true,"loadImages":true,"localToRemoteUrlAccessEnabled":false,"userAgent":"Mozilla/5.0 (Windows NT 6.1; WOW64) AppleWebKit/538.1 (KHTML, like Gecko) PhantomJS/2.0.0 Safari/538.1","webSecurityEnabled":true}
[INFO  - 2015-04-07T20:21:20.258Z] Session [a7121b40-dd63-11e4-9a37-b531eb551793] - page.customHeaders:  - {}
[INFO  - 2015-04-07T20:21:20.266Z] Session [a7121b40-dd63-11e4-9a37-b531eb551793] - Session.negotiatedCapabilities - {"browserName":"phantomjs","version":"2.0.0","driverName":"ghostdriver","driverVersion":"1.2.0","platform":"windows-7-32bit","javascriptEnabled":true,"takesScreenshot":true,"handlesAlerts":false,"databaseEnabled":false,"locationContextEnabled":false,"applicationCacheEnabled":false,"browserConnectionEnabled":false,"cssSelectorsEnabled":true,"webStorageEnabled":false,"rotatable":false,"acceptSslCerts":false,"nativeEvents":true,"proxy":{"proxyType":"direct"}}
[INFO  - 2015-04-07T20:21:20.268Z] SessionManagerReqHand - _postNewSessionCommand - New Session Created: a7121b40-dd63-11e4-9a37-b531eb551793
[INFO  - 2015-04-08T05:51:15.581Z] GhostDriver - Main - running on port 62296
[INFO  - 2015-04-08T05:51:15.940Z] Session [454a01c0-ddb3-11e4-8091-b95fc7a94a0a] - page.settings - {"XSSAuditingEnabled":false,"javascriptCanCloseWindows":true,"javascriptCanOpenWindows":true,"javascriptEnabled":true,"loadImages":true,"localToRemoteUrlAccessEnabled":false,"userAgent":"Mozilla/5.0 (Windows NT 6.1; WOW64) AppleWebKit/538.1 (KHTML, like Gecko) PhantomJS/2.0.0 Safari/538.1","webSecurityEnabled":true}
[INFO  - 2015-04-08T05:51:15.941Z] Session [454a01c0-ddb3-11e4-8091-b95fc7a94a0a] - page.customHeaders:  - {}
[INFO  - 2015-04-08T05:51:15.945Z] Session [454a01c0-ddb3-11e4-8091-b95fc7a94a0a] - Session.negotiatedCapabilities - {"browserName":"phantomjs","version":"2.0.0","driverName":"ghostdriver","driverVersion":"1.2.0","platform":"windows-7-32bit","javascriptEnabled":true,"takesScreenshot":true,"handlesAlerts":false,"databaseEnabled":false,"locationContextEnabled":false,"applicationCacheEnabled":false,"browserConnectionEnabled":false,"cssSelectorsEnabled":true,"webStorageEnabled":false,"rotatable":false,"acceptSslCerts":false,"nativeEvents":true,"proxy":{"proxyType":"direct"}}
[INFO  - 2015-04-08T05:51:15.947Z] SessionManagerReqHand - _postNewSessionCommand - New Session Created: 454a01c0-ddb3-11e4-8091-b95fc7a94a0a
[INFO  - 2015-04-08T05:53:22.113Z] GhostDriver - Main - running on port 57148
[INFO  - 2015-04-08T05:53:22.461Z] Session [90b36d40-ddb3-11e4-9f60-a96fd56b5cd0] - page.settings - {"XSSAuditingEnabled":false,"javascriptCanCloseWindows":true,"javascriptCanOpenWindows":true,"javascriptEnabled":true,"loadImages":true,"localToRemoteUrlAccessEnabled":false,"userAgent":"Mozilla/5.0 (Windows NT 6.1; WOW64) AppleWebKit/538.1 (KHTML, like Gecko) PhantomJS/2.0.0 Safari/538.1","webSecurityEnabled":true}
[INFO  - 2015-04-08T05:53:22.461Z] Session [90b36d40-ddb3-11e4-9f60-a96fd56b5cd0] - page.customHeaders:  - {}
[INFO  - 2015-04-08T05:53:22.465Z] Session [90b36d40-ddb3-11e4-9f60-a96fd56b5cd0] - Session.negotiatedCapabilities - {"browserName":"phantomjs","version":"2.0.0","driverName":"ghostdriver","driverVersion":"1.2.0","platform":"windows-7-32bit","javascriptEnabled":true,"takesScreenshot":true,"handlesAlerts":false,"databaseEnabled":false,"locationContextEnabled":false,"applicationCacheEnabled":false,"browserConnectionEnabled":false,"cssSelectorsEnabled":true,"webStorageEnabled":false,"rotatable":false,"acceptSslCerts":false,"nativeEvents":true,"proxy":{"proxyType":"direct"}}
[INFO  - 2015-04-08T05:53:22.466Z] SessionManagerReqHand - _postNewSessionCommand - New Session Created: 90b36d40-ddb3-11e4-9f60-a96fd56b5cd0
[INFO  - 2015-04-08T05:54:33.849Z] GhostDriver - Main - running on port 61705
[INFO  - 2015-04-08T05:54:34.193Z] Session [bb748e60-ddb3-11e4-bef7-b1bb08703263] - page.settings - {"XSSAuditingEnabled":false,"javascriptCanCloseWindows":true,"javascriptCanOpenWindows":true,"javascriptEnabled":true,"loadImages":true,"localToRemoteUrlAccessEnabled":false,"userAgent":"Mozilla/5.0 (Windows NT 6.1; WOW64) AppleWebKit/538.1 (KHTML, like Gecko) PhantomJS/2.0.0 Safari/538.1","webSecurityEnabled":true}
[INFO  - 2015-04-08T05:54:34.195Z] Session [bb748e60-ddb3-11e4-bef7-b1bb08703263] - page.customHeaders:  - {}
[INFO  - 2015-04-08T05:54:34.202Z] Session [bb748e60-ddb3-11e4-bef7-b1bb08703263] - Session.negotiatedCapabilities - {"browserName":"phantomjs","version":"2.0.0","driverName":"ghostdriver","driverVersion":"1.2.0","platform":"windows-7-32bit","javascriptEnabled":true,"takesScreenshot":true,"handlesAlerts":false,"databaseEnabled":false,"locationContextEnabled":false,"applicationCacheEnabled":false,"browserConnectionEnabled":false,"cssSelectorsEnabled":true,"webStorageEnabled":false,"rotatable":false,"acceptSslCerts":false,"nativeEvents":true,"proxy":{"proxyType":"direct"}}
[INFO  - 2015-04-08T05:54:34.204Z] SessionManagerReqHand - _postNewSessionCommand - New Session Created: bb748e60-ddb3-11e4-bef7-b1bb08703263
[INFO  - 2015-04-08T05:55:04.161Z] GhostDriver - Main - running on port 57952
[INFO  - 2015-04-08T05:55:04.525Z] Session [cd892840-ddb3-11e4-a14b-d5c6f08729aa] - page.settings - {"XSSAuditingEnabled":false,"javascriptCanCloseWindows":true,"javascriptCanOpenWindows":true,"javascriptEnabled":true,"loadImages":true,"localToRemoteUrlAccessEnabled":false,"userAgent":"Mozilla/5.0 (Windows NT 6.1; WOW64) AppleWebKit/538.1 (KHTML, like Gecko) PhantomJS/2.0.0 Safari/538.1","webSecurityEnabled":true}
[INFO  - 2015-04-08T05:55:04.525Z] Session [cd892840-ddb3-11e4-a14b-d5c6f08729aa] - page.customHeaders:  - {}
[INFO  - 2015-04-08T05:55:04.529Z] Session [cd892840-ddb3-11e4-a14b-d5c6f08729aa] - Session.negotiatedCapabilities - {"browserName":"phantomjs","version":"2.0.0","driverName":"ghostdriver","driverVersion":"1.2.0","platform":"windows-7-32bit","javascriptEnabled":true,"takesScreenshot":true,"handlesAlerts":false,"databaseEnabled":false,"locationContextEnabled":false,"applicationCacheEnabled":false,"browserConnectionEnabled":false,"cssSelectorsEnabled":true,"webStorageEnabled":false,"rotatable":false,"acceptSslCerts":false,"nativeEvents":true,"proxy":{"proxyType":"direct"}}
[INFO  - 2015-04-08T05:55:04.530Z] SessionManagerReqHand - _postNewSessionCommand - New Session Created: cd892840-ddb3-11e4-a14b-d5c6f08729aa
[INFO  - 2015-04-08T05:56:30.916Z] GhostDriver - Main - running on port 63460
[INFO  - 2015-04-08T05:56:31.268Z] Session [013d3dc0-ddb4-11e4-8eda-b3a0beef1619] - page.settings - {"XSSAuditingEnabled":false,"javascriptCanCloseWindows":true,"javascriptCanOpenWindows":true,"javascriptEnabled":true,"loadImages":true,"localToRemoteUrlAccessEnabled":false,"userAgent":"Mozilla/5.0 (Windows NT 6.1; WOW64) AppleWebKit/538.1 (KHTML, like Gecko) PhantomJS/2.0.0 Safari/538.1","webSecurityEnabled":true}
[INFO  - 2015-04-08T05:56:31.269Z] Session [013d3dc0-ddb4-11e4-8eda-b3a0beef1619] - page.customHeaders:  - {}
[INFO  - 2015-04-08T05:56:31.273Z] Session [013d3dc0-ddb4-11e4-8eda-b3a0beef1619] - Session.negotiatedCapabilities - {"browserName":"phantomjs","version":"2.0.0","driverName":"ghostdriver","driverVersion":"1.2.0","platform":"windows-7-32bit","javascriptEnabled":true,"takesScreenshot":true,"handlesAlerts":false,"databaseEnabled":false,"locationContextEnabled":false,"applicationCacheEnabled":false,"browserConnectionEnabled":false,"cssSelectorsEnabled":true,"webStorageEnabled":false,"rotatable":false,"acceptSslCerts":false,"nativeEvents":true,"proxy":{"proxyType":"direct"}}
[INFO  - 2015-04-08T05:56:31.274Z] SessionManagerReqHand - _postNewSessionCommand - New Session Created: 013d3dc0-ddb4-11e4-8eda-b3a0beef1619
[INFO  - 2015-04-08T05:59:39.023Z] GhostDriver - Main - running on port 59052
[INFO  - 2015-04-08T05:59:39.366Z] Session [715ab7e0-ddb4-11e4-8256-f1d2bdae1a64] - page.settings - {"XSSAuditingEnabled":false,"javascriptCanCloseWindows":true,"javascriptCanOpenWindows":true,"javascriptEnabled":true,"loadImages":true,"localToRemoteUrlAccessEnabled":false,"userAgent":"Mozilla/5.0 (Windows NT 6.1; WOW64) AppleWebKit/538.1 (KHTML, like Gecko) PhantomJS/2.0.0 Safari/538.1","webSecurityEnabled":true}
[INFO  - 2015-04-08T05:59:39.367Z] Session [715ab7e0-ddb4-11e4-8256-f1d2bdae1a64] - page.customHeaders:  - {}
[INFO  - 2015-04-08T05:59:39.370Z] Session [715ab7e0-ddb4-11e4-8256-f1d2bdae1a64] - Session.negotiatedCapabilities - {"browserName":"phantomjs","version":"2.0.0","driverName":"ghostdriver","driverVersion":"1.2.0","platform":"windows-7-32bit","javascriptEnabled":true,"takesScreenshot":true,"handlesAlerts":false,"databaseEnabled":false,"locationContextEnabled":false,"applicationCacheEnabled":false,"browserConnectionEnabled":false,"cssSelectorsEnabled":true,"webStorageEnabled":false,"rotatable":false,"acceptSslCerts":false,"nativeEvents":true,"proxy":{"proxyType":"direct"}}
[INFO  - 2015-04-08T05:59:39.371Z] SessionManagerReqHand - _postNewSessionCommand - New Session Created: 715ab7e0-ddb4-11e4-8256-f1d2bdae1a64
[INFO  - 2015-04-08T06:00:32.531Z] GhostDriver - Main - running on port 53991
[INFO  - 2015-04-08T06:00:32.894Z] Session [9141d520-ddb4-11e4-8d58-f766d90b2dd8] - page.settings - {"XSSAuditingEnabled":false,"javascriptCanCloseWindows":true,"javascriptCanOpenWindows":true,"javascriptEnabled":true,"loadImages":true,"localToRemoteUrlAccessEnabled":false,"userAgent":"Mozilla/5.0 (Windows NT 6.1; WOW64) AppleWebKit/538.1 (KHTML, like Gecko) PhantomJS/2.0.0 Safari/538.1","webSecurityEnabled":true}
[INFO  - 2015-04-08T06:00:32.895Z] Session [9141d520-ddb4-11e4-8d58-f766d90b2dd8] - page.customHeaders:  - {}
[INFO  - 2015-04-08T06:00:32.903Z] Session [9141d520-ddb4-11e4-8d58-f766d90b2dd8] - Session.negotiatedCapabilities - {"browserName":"phantomjs","version":"2.0.0","driverName":"ghostdriver","driverVersion":"1.2.0","platform":"windows-7-32bit","javascriptEnabled":true,"takesScreenshot":true,"handlesAlerts":false,"databaseEnabled":false,"locationContextEnabled":false,"applicationCacheEnabled":false,"browserConnectionEnabled":false,"cssSelectorsEnabled":true,"webStorageEnabled":false,"rotatable":false,"acceptSslCerts":false,"nativeEvents":true,"proxy":{"proxyType":"direct"}}
[INFO  - 2015-04-08T06:00:32.905Z] SessionManagerReqHand - _postNewSessionCommand - New Session Created: 9141d520-ddb4-11e4-8d58-f766d90b2dd8
[INFO  - 2015-04-08T06:01:41.813Z] GhostDriver - Main - running on port 59441
[INFO  - 2015-04-08T06:01:42.146Z] Session [ba892780-ddb4-11e4-9462-7710447ce95c] - page.settings - {"XSSAuditingEnabled":false,"javascriptCanCloseWindows":true,"javascriptCanOpenWindows":true,"javascriptEnabled":true,"loadImages":true,"localToRemoteUrlAccessEnabled":false,"userAgent":"Mozilla/5.0 (Windows NT 6.1; WOW64) AppleWebKit/538.1 (KHTML, like Gecko) PhantomJS/2.0.0 Safari/538.1","webSecurityEnabled":true}
[INFO  - 2015-04-08T06:01:42.146Z] Session [ba892780-ddb4-11e4-9462-7710447ce95c] - page.customHeaders:  - {}
[INFO  - 2015-04-08T06:01:42.152Z] Session [ba892780-ddb4-11e4-9462-7710447ce95c] - Session.negotiatedCapabilities - {"browserName":"phantomjs","version":"2.0.0","driverName":"ghostdriver","driverVersion":"1.2.0","platform":"windows-7-32bit","javascriptEnabled":true,"takesScreenshot":true,"handlesAlerts":false,"databaseEnabled":false,"locationContextEnabled":false,"applicationCacheEnabled":false,"browserConnectionEnabled":false,"cssSelectorsEnabled":true,"webStorageEnabled":false,"rotatable":false,"acceptSslCerts":false,"nativeEvents":true,"proxy":{"proxyType":"direct"}}
[INFO  - 2015-04-08T06:01:42.154Z] SessionManagerReqHand - _postNewSessionCommand - New Session Created: ba892780-ddb4-11e4-9462-7710447ce95c
[INFO  - 2015-04-08T06:04:52.193Z] GhostDriver - Main - running on port 54608
[INFO  - 2015-04-08T06:04:52.555Z] Session [2c079130-ddb5-11e4-b100-d3a3685047d0] - page.settings - {"XSSAuditingEnabled":false,"javascriptCanCloseWindows":true,"javascriptCanOpenWindows":true,"javascriptEnabled":true,"loadImages":true,"localToRemoteUrlAccessEnabled":false,"userAgent":"Mozilla/5.0 (Windows NT 6.1; WOW64) AppleWebKit/538.1 (KHTML, like Gecko) PhantomJS/2.0.0 Safari/538.1","webSecurityEnabled":true}
[INFO  - 2015-04-08T06:04:52.555Z] Session [2c079130-ddb5-11e4-b100-d3a3685047d0] - page.customHeaders:  - {}
[INFO  - 2015-04-08T06:04:52.559Z] Session [2c079130-ddb5-11e4-b100-d3a3685047d0] - Session.negotiatedCapabilities - {"browserName":"phantomjs","version":"2.0.0","driverName":"ghostdriver","driverVersion":"1.2.0","platform":"windows-7-32bit","javascriptEnabled":true,"takesScreenshot":true,"handlesAlerts":false,"databaseEnabled":false,"locationContextEnabled":false,"applicationCacheEnabled":false,"browserConnectionEnabled":false,"cssSelectorsEnabled":true,"webStorageEnabled":false,"rotatable":false,"acceptSslCerts":false,"nativeEvents":true,"proxy":{"proxyType":"direct"}}
[INFO  - 2015-04-08T06:04:52.560Z] SessionManagerReqHand - _postNewSessionCommand - New Session Created: 2c079130-ddb5-11e4-b100-d3a3685047d0
[INFO  - 2015-04-08T06:05:56.215Z] GhostDriver - Main - running on port 50453
[INFO  - 2015-04-08T06:05:56.577Z] Session [52301760-ddb5-11e4-a7d8-1b0063c1b730] - page.settings - {"XSSAuditingEnabled":false,"javascriptCanCloseWindows":true,"javascriptCanOpenWindows":true,"javascriptEnabled":true,"loadImages":true,"localToRemoteUrlAccessEnabled":false,"userAgent":"Mozilla/5.0 (Windows NT 6.1; WOW64) AppleWebKit/538.1 (KHTML, like Gecko) PhantomJS/2.0.0 Safari/538.1","webSecurityEnabled":true}
[INFO  - 2015-04-08T06:05:56.578Z] Session [52301760-ddb5-11e4-a7d8-1b0063c1b730] - page.customHeaders:  - {}
[INFO  - 2015-04-08T06:05:56.586Z] Session [52301760-ddb5-11e4-a7d8-1b0063c1b730] - Session.negotiatedCapabilities - {"browserName":"phantomjs","version":"2.0.0","driverName":"ghostdriver","driverVersion":"1.2.0","platform":"windows-7-32bit","javascriptEnabled":true,"takesScreenshot":true,"handlesAlerts":false,"databaseEnabled":false,"locationContextEnabled":false,"applicationCacheEnabled":false,"browserConnectionEnabled":false,"cssSelectorsEnabled":true,"webStorageEnabled":false,"rotatable":false,"acceptSslCerts":false,"nativeEvents":true,"proxy":{"proxyType":"direct"}}
[INFO  - 2015-04-08T06:05:56.588Z] SessionManagerReqHand - _postNewSessionCommand - New Session Created: 52301760-ddb5-11e4-a7d8-1b0063c1b730
[INFO  - 2015-04-08T06:07:09.241Z] GhostDriver - Main - running on port 52431
[INFO  - 2015-04-08T06:07:09.593Z] Session [7db5e810-ddb5-11e4-8315-07aa945a90fe] - page.settings - {"XSSAuditingEnabled":false,"javascriptCanCloseWindows":true,"javascriptCanOpenWindows":true,"javascriptEnabled":true,"loadImages":true,"localToRemoteUrlAccessEnabled":false,"userAgent":"Mozilla/5.0 (Windows NT 6.1; WOW64) AppleWebKit/538.1 (KHTML, like Gecko) PhantomJS/2.0.0 Safari/538.1","webSecurityEnabled":true}
[INFO  - 2015-04-08T06:07:09.594Z] Session [7db5e810-ddb5-11e4-8315-07aa945a90fe] - page.customHeaders:  - {}
[INFO  - 2015-04-08T06:07:09.597Z] Session [7db5e810-ddb5-11e4-8315-07aa945a90fe] - Session.negotiatedCapabilities - {"browserName":"phantomjs","version":"2.0.0","driverName":"ghostdriver","driverVersion":"1.2.0","platform":"windows-7-32bit","javascriptEnabled":true,"takesScreenshot":true,"handlesAlerts":false,"databaseEnabled":false,"locationContextEnabled":false,"applicationCacheEnabled":false,"browserConnectionEnabled":false,"cssSelectorsEnabled":true,"webStorageEnabled":false,"rotatable":false,"acceptSslCerts":false,"nativeEvents":true,"proxy":{"proxyType":"direct"}}
[INFO  - 2015-04-08T06:07:09.598Z] SessionManagerReqHand - _postNewSessionCommand - New Session Created: 7db5e810-ddb5-11e4-8315-07aa945a90fe
[INFO  - 2015-04-08T06:08:11.814Z] GhostDriver - Main - running on port 53609
[INFO  - 2015-04-08T06:08:12.174Z] Session [a3030260-ddb5-11e4-8be1-e7e06f594353] - page.settings - {"XSSAuditingEnabled":false,"javascriptCanCloseWindows":true,"javascriptCanOpenWindows":true,"javascriptEnabled":true,"loadImages":true,"localToRemoteUrlAccessEnabled":false,"userAgent":"Mozilla/5.0 (Windows NT 6.1; WOW64) AppleWebKit/538.1 (KHTML, like Gecko) PhantomJS/2.0.0 Safari/538.1","webSecurityEnabled":true}
[INFO  - 2015-04-08T06:08:12.175Z] Session [a3030260-ddb5-11e4-8be1-e7e06f594353] - page.customHeaders:  - {}
[INFO  - 2015-04-08T06:08:12.178Z] Session [a3030260-ddb5-11e4-8be1-e7e06f594353] - Session.negotiatedCapabilities - {"browserName":"phantomjs","version":"2.0.0","driverName":"ghostdriver","driverVersion":"1.2.0","platform":"windows-7-32bit","javascriptEnabled":true,"takesScreenshot":true,"handlesAlerts":false,"databaseEnabled":false,"locationContextEnabled":false,"applicationCacheEnabled":false,"browserConnectionEnabled":false,"cssSelectorsEnabled":true,"webStorageEnabled":false,"rotatable":false,"acceptSslCerts":false,"nativeEvents":true,"proxy":{"proxyType":"direct"}}
[INFO  - 2015-04-08T06:08:12.179Z] SessionManagerReqHand - _postNewSessionCommand - New Session Created: a3030260-ddb5-11e4-8be1-e7e06f594353
[INFO  - 2015-04-08T06:18:43.146Z] GhostDriver - Main - running on port 60906
[INFO  - 2015-04-08T06:18:43.495Z] Session [1b4ef2f0-ddb7-11e4-9ebc-194eaa87dd89] - page.settings - {"XSSAuditingEnabled":false,"javascriptCanCloseWindows":true,"javascriptCanOpenWindows":true,"javascriptEnabled":true,"loadImages":true,"localToRemoteUrlAccessEnabled":false,"userAgent":"Mozilla/5.0 (Windows NT 6.1; WOW64) AppleWebKit/538.1 (KHTML, like Gecko) PhantomJS/2.0.0 Safari/538.1","webSecurityEnabled":true}
[INFO  - 2015-04-08T06:18:43.495Z] Session [1b4ef2f0-ddb7-11e4-9ebc-194eaa87dd89] - page.customHeaders:  - {}
[INFO  - 2015-04-08T06:18:43.499Z] Session [1b4ef2f0-ddb7-11e4-9ebc-194eaa87dd89] - Session.negotiatedCapabilities - {"browserName":"phantomjs","version":"2.0.0","driverName":"ghostdriver","driverVersion":"1.2.0","platform":"windows-7-32bit","javascriptEnabled":true,"takesScreenshot":true,"handlesAlerts":false,"databaseEnabled":false,"locationContextEnabled":false,"applicationCacheEnabled":false,"browserConnectionEnabled":false,"cssSelectorsEnabled":true,"webStorageEnabled":false,"rotatable":false,"acceptSslCerts":false,"nativeEvents":true,"proxy":{"proxyType":"direct"}}
[INFO  - 2015-04-08T06:18:43.499Z] SessionManagerReqHand - _postNewSessionCommand - New Session Created: 1b4ef2f0-ddb7-11e4-9ebc-194eaa87dd89
[INFO  - 2015-04-08T06:22:04.300Z] GhostDriver - Main - running on port 61713
[INFO  - 2015-04-08T06:22:04.659Z] Session [933623b0-ddb7-11e4-8b84-a70dd0575ba1] - page.settings - {"XSSAuditingEnabled":false,"javascriptCanCloseWindows":true,"javascriptCanOpenWindows":true,"javascriptEnabled":true,"loadImages":true,"localToRemoteUrlAccessEnabled":false,"userAgent":"Mozilla/5.0 (Windows NT 6.1; WOW64) AppleWebKit/538.1 (KHTML, like Gecko) PhantomJS/2.0.0 Safari/538.1","webSecurityEnabled":true}
[INFO  - 2015-04-08T06:22:04.659Z] Session [933623b0-ddb7-11e4-8b84-a70dd0575ba1] - page.customHeaders:  - {}
[INFO  - 2015-04-08T06:22:04.662Z] Session [933623b0-ddb7-11e4-8b84-a70dd0575ba1] - Session.negotiatedCapabilities - {"browserName":"phantomjs","version":"2.0.0","driverName":"ghostdriver","driverVersion":"1.2.0","platform":"windows-7-32bit","javascriptEnabled":true,"takesScreenshot":true,"handlesAlerts":false,"databaseEnabled":false,"locationContextEnabled":false,"applicationCacheEnabled":false,"browserConnectionEnabled":false,"cssSelectorsEnabled":true,"webStorageEnabled":false,"rotatable":false,"acceptSslCerts":false,"nativeEvents":true,"proxy":{"proxyType":"direct"}}
[INFO  - 2015-04-08T06:22:04.663Z] SessionManagerReqHand - _postNewSessionCommand - New Session Created: 933623b0-ddb7-11e4-8b84-a70dd0575ba1
[INFO  - 2015-04-08T06:25:39.752Z] GhostDriver - Main - running on port 59875
[INFO  - 2015-04-08T06:25:40.119Z] Session [13a244c0-ddb8-11e4-9fee-1946e41869a3] - page.settings - {"XSSAuditingEnabled":false,"javascriptCanCloseWindows":true,"javascriptCanOpenWindows":true,"javascriptEnabled":true,"loadImages":true,"localToRemoteUrlAccessEnabled":false,"userAgent":"Mozilla/5.0 (Windows NT 6.1; WOW64) AppleWebKit/538.1 (KHTML, like Gecko) PhantomJS/2.0.0 Safari/538.1","webSecurityEnabled":true}
[INFO  - 2015-04-08T06:25:40.120Z] Session [13a244c0-ddb8-11e4-9fee-1946e41869a3] - page.customHeaders:  - {}
[INFO  - 2015-04-08T06:25:40.122Z] Session [13a244c0-ddb8-11e4-9fee-1946e41869a3] - Session.negotiatedCapabilities - {"browserName":"phantomjs","version":"2.0.0","driverName":"ghostdriver","driverVersion":"1.2.0","platform":"windows-7-32bit","javascriptEnabled":true,"takesScreenshot":true,"handlesAlerts":false,"databaseEnabled":false,"locationContextEnabled":false,"applicationCacheEnabled":false,"browserConnectionEnabled":false,"cssSelectorsEnabled":true,"webStorageEnabled":false,"rotatable":false,"acceptSslCerts":false,"nativeEvents":true,"proxy":{"proxyType":"direct"}}
[INFO  - 2015-04-08T06:25:40.123Z] SessionManagerReqHand - _postNewSessionCommand - New Session Created: 13a244c0-ddb8-11e4-9fee-1946e41869a3
[INFO  - 2015-04-08T06:32:53.402Z] GhostDriver - Main - running on port 55369
[INFO  - 2015-04-08T06:32:53.768Z] Session [161c5000-ddb9-11e4-8176-ff3c4eec233e] - page.settings - {"XSSAuditingEnabled":false,"javascriptCanCloseWindows":true,"javascriptCanOpenWindows":true,"javascriptEnabled":true,"loadImages":true,"localToRemoteUrlAccessEnabled":false,"userAgent":"Mozilla/5.0 (Windows NT 6.1; WOW64) AppleWebKit/538.1 (KHTML, like Gecko) PhantomJS/2.0.0 Safari/538.1","webSecurityEnabled":true}
[INFO  - 2015-04-08T06:32:53.769Z] Session [161c5000-ddb9-11e4-8176-ff3c4eec233e] - page.customHeaders:  - {}
[INFO  - 2015-04-08T06:32:53.772Z] Session [161c5000-ddb9-11e4-8176-ff3c4eec233e] - Session.negotiatedCapabilities - {"browserName":"phantomjs","version":"2.0.0","driverName":"ghostdriver","driverVersion":"1.2.0","platform":"windows-7-32bit","javascriptEnabled":true,"takesScreenshot":true,"handlesAlerts":false,"databaseEnabled":false,"locationContextEnabled":false,"applicationCacheEnabled":false,"browserConnectionEnabled":false,"cssSelectorsEnabled":true,"webStorageEnabled":false,"rotatable":false,"acceptSslCerts":false,"nativeEvents":true,"proxy":{"proxyType":"direct"}}
[INFO  - 2015-04-08T06:32:53.773Z] SessionManagerReqHand - _postNewSessionCommand - New Session Created: 161c5000-ddb9-11e4-8176-ff3c4eec233e
[INFO  - 2015-04-08T06:52:23.848Z] GhostDriver - Main - running on port 65495
[INFO  - 2015-04-08T06:52:24.183Z] Session [cfbb77f0-ddbb-11e4-a8e0-4d39a1edec54] - page.settings - {"XSSAuditingEnabled":false,"javascriptCanCloseWindows":true,"javascriptCanOpenWindows":true,"javascriptEnabled":true,"loadImages":true,"localToRemoteUrlAccessEnabled":false,"userAgent":"Mozilla/5.0 (Windows NT 6.1; WOW64) AppleWebKit/538.1 (KHTML, like Gecko) PhantomJS/2.0.0 Safari/538.1","webSecurityEnabled":true}
[INFO  - 2015-04-08T06:52:24.184Z] Session [cfbb77f0-ddbb-11e4-a8e0-4d39a1edec54] - page.customHeaders:  - {}
[INFO  - 2015-04-08T06:52:24.187Z] Session [cfbb77f0-ddbb-11e4-a8e0-4d39a1edec54] - Session.negotiatedCapabilities - {"browserName":"phantomjs","version":"2.0.0","driverName":"ghostdriver","driverVersion":"1.2.0","platform":"windows-7-32bit","javascriptEnabled":true,"takesScreenshot":true,"handlesAlerts":false,"databaseEnabled":false,"locationContextEnabled":false,"applicationCacheEnabled":false,"browserConnectionEnabled":false,"cssSelectorsEnabled":true,"webStorageEnabled":false,"rotatable":false,"acceptSslCerts":false,"nativeEvents":true,"proxy":{"proxyType":"direct"}}
[INFO  - 2015-04-08T06:52:24.188Z] SessionManagerReqHand - _postNewSessionCommand - New Session Created: cfbb77f0-ddbb-11e4-a8e0-4d39a1edec54
[INFO  - 2015-04-08T12:24:02.464Z] GhostDriver - Main - running on port 52499
[INFO  - 2015-04-08T12:24:02.746Z] Session [24333920-ddea-11e4-af1c-c3dd69aade10] - page.settings - {"XSSAuditingEnabled":false,"javascriptCanCloseWindows":true,"javascriptCanOpenWindows":true,"javascriptEnabled":true,"loadImages":true,"localToRemoteUrlAccessEnabled":false,"userAgent":"Mozilla/5.0 (Windows NT 6.1; WOW64) AppleWebKit/538.1 (KHTML, like Gecko) PhantomJS/2.0.0 Safari/538.1","webSecurityEnabled":true}
[INFO  - 2015-04-08T12:24:02.747Z] Session [24333920-ddea-11e4-af1c-c3dd69aade10] - page.customHeaders:  - {}
[INFO  - 2015-04-08T12:24:02.750Z] Session [24333920-ddea-11e4-af1c-c3dd69aade10] - Session.negotiatedCapabilities - {"browserName":"phantomjs","version":"2.0.0","driverName":"ghostdriver","driverVersion":"1.2.0","platform":"windows-7-32bit","javascriptEnabled":true,"takesScreenshot":true,"handlesAlerts":false,"databaseEnabled":false,"locationContextEnabled":false,"applicationCacheEnabled":false,"browserConnectionEnabled":false,"cssSelectorsEnabled":true,"webStorageEnabled":false,"rotatable":false,"acceptSslCerts":false,"nativeEvents":true,"proxy":{"proxyType":"direct"}}
[INFO  - 2015-04-08T12:24:02.751Z] SessionManagerReqHand - _postNewSessionCommand - New Session Created: 24333920-ddea-11e4-af1c-c3dd69aade10
[INFO  - 2015-04-08T12:36:57.741Z] GhostDriver - Main - running on port 51805
[INFO  - 2015-04-08T12:36:58.094Z] Session [f2577b30-ddeb-11e4-9ed9-a9afff696cae] - page.settings - {"XSSAuditingEnabled":false,"javascriptCanCloseWindows":true,"javascriptCanOpenWindows":true,"javascriptEnabled":true,"loadImages":true,"localToRemoteUrlAccessEnabled":false,"userAgent":"Mozilla/5.0 (Windows NT 6.1; WOW64) AppleWebKit/538.1 (KHTML, like Gecko) PhantomJS/2.0.0 Safari/538.1","webSecurityEnabled":true}
[INFO  - 2015-04-08T12:36:58.094Z] Session [f2577b30-ddeb-11e4-9ed9-a9afff696cae] - page.customHeaders:  - {}
[INFO  - 2015-04-08T12:36:58.101Z] Session [f2577b30-ddeb-11e4-9ed9-a9afff696cae] - Session.negotiatedCapabilities - {"browserName":"phantomjs","version":"2.0.0","driverName":"ghostdriver","driverVersion":"1.2.0","platform":"windows-7-32bit","javascriptEnabled":true,"takesScreenshot":true,"handlesAlerts":false,"databaseEnabled":false,"locationContextEnabled":false,"applicationCacheEnabled":false,"browserConnectionEnabled":false,"cssSelectorsEnabled":true,"webStorageEnabled":false,"rotatable":false,"acceptSslCerts":false,"nativeEvents":true,"proxy":{"proxyType":"direct"}}
[INFO  - 2015-04-08T12:36:58.103Z] SessionManagerReqHand - _postNewSessionCommand - New Session Created: f2577b30-ddeb-11e4-9ed9-a9afff696cae
[INFO  - 2015-04-09T14:45:43.277Z] GhostDriver - Main - running on port 65266
[INFO  - 2015-04-09T14:45:43.553Z] Session [197d2e90-dec7-11e4-91be-41919faf1718] - page.settings - {"XSSAuditingEnabled":false,"javascriptCanCloseWindows":true,"javascriptCanOpenWindows":true,"javascriptEnabled":true,"loadImages":true,"localToRemoteUrlAccessEnabled":false,"userAgent":"Mozilla/5.0 (Windows NT 6.1; WOW64) AppleWebKit/538.1 (KHTML, like Gecko) PhantomJS/2.0.0 Safari/538.1","webSecurityEnabled":true}
[INFO  - 2015-04-09T14:45:43.554Z] Session [197d2e90-dec7-11e4-91be-41919faf1718] - page.customHeaders:  - {}
[INFO  - 2015-04-09T14:45:43.558Z] Session [197d2e90-dec7-11e4-91be-41919faf1718] - Session.negotiatedCapabilities - {"browserName":"phantomjs","version":"2.0.0","driverName":"ghostdriver","driverVersion":"1.2.0","platform":"windows-7-32bit","javascriptEnabled":true,"takesScreenshot":true,"handlesAlerts":false,"databaseEnabled":false,"locationContextEnabled":false,"applicationCacheEnabled":false,"browserConnectionEnabled":false,"cssSelectorsEnabled":true,"webStorageEnabled":false,"rotatable":false,"acceptSslCerts":false,"nativeEvents":true,"proxy":{"proxyType":"direct"}}
[INFO  - 2015-04-09T14:45:43.559Z] SessionManagerReqHand - _postNewSessionCommand - New Session Created: 197d2e90-dec7-11e4-91be-41919faf1718
[INFO  - 2015-04-09T14:46:11.228Z] GhostDriver - Main - running on port 54793
[INFO  - 2015-04-09T14:46:11.616Z] Session [2a374180-dec7-11e4-bc1d-518131470235] - page.settings - {"XSSAuditingEnabled":false,"javascriptCanCloseWindows":true,"javascriptCanOpenWindows":true,"javascriptEnabled":true,"loadImages":true,"localToRemoteUrlAccessEnabled":false,"userAgent":"Mozilla/5.0 (Windows NT 6.1; WOW64) AppleWebKit/538.1 (KHTML, like Gecko) PhantomJS/2.0.0 Safari/538.1","webSecurityEnabled":true}
[INFO  - 2015-04-09T14:46:11.617Z] Session [2a374180-dec7-11e4-bc1d-518131470235] - page.customHeaders:  - {}
[INFO  - 2015-04-09T14:46:11.620Z] Session [2a374180-dec7-11e4-bc1d-518131470235] - Session.negotiatedCapabilities - {"browserName":"phantomjs","version":"2.0.0","driverName":"ghostdriver","driverVersion":"1.2.0","platform":"windows-7-32bit","javascriptEnabled":true,"takesScreenshot":true,"handlesAlerts":false,"databaseEnabled":false,"locationContextEnabled":false,"applicationCacheEnabled":false,"browserConnectionEnabled":false,"cssSelectorsEnabled":true,"webStorageEnabled":false,"rotatable":false,"acceptSslCerts":false,"nativeEvents":true,"proxy":{"proxyType":"direct"}}
[INFO  - 2015-04-09T14:46:11.621Z] SessionManagerReqHand - _postNewSessionCommand - New Session Created: 2a374180-dec7-11e4-bc1d-518131470235
[INFO  - 2015-04-09T14:54:55.956Z] GhostDriver - Main - running on port 53851
[INFO  - 2015-04-09T14:54:56.326Z] Session [62f7a5e0-dec8-11e4-8de5-1bb0fdb54ba6] - page.settings - {"XSSAuditingEnabled":false,"javascriptCanCloseWindows":true,"javascriptCanOpenWindows":true,"javascriptEnabled":true,"loadImages":true,"localToRemoteUrlAccessEnabled":false,"userAgent":"Mozilla/5.0 (Windows NT 6.1; WOW64) AppleWebKit/538.1 (KHTML, like Gecko) PhantomJS/2.0.0 Safari/538.1","webSecurityEnabled":true}
[INFO  - 2015-04-09T14:54:56.327Z] Session [62f7a5e0-dec8-11e4-8de5-1bb0fdb54ba6] - page.customHeaders:  - {}
[INFO  - 2015-04-09T14:54:56.330Z] Session [62f7a5e0-dec8-11e4-8de5-1bb0fdb54ba6] - Session.negotiatedCapabilities - {"browserName":"phantomjs","version":"2.0.0","driverName":"ghostdriver","driverVersion":"1.2.0","platform":"windows-7-32bit","javascriptEnabled":true,"takesScreenshot":true,"handlesAlerts":false,"databaseEnabled":false,"locationContextEnabled":false,"applicationCacheEnabled":false,"browserConnectionEnabled":false,"cssSelectorsEnabled":true,"webStorageEnabled":false,"rotatable":false,"acceptSslCerts":false,"nativeEvents":true,"proxy":{"proxyType":"direct"}}
[INFO  - 2015-04-09T14:54:56.331Z] SessionManagerReqHand - _postNewSessionCommand - New Session Created: 62f7a5e0-dec8-11e4-8de5-1bb0fdb54ba6
